<?xml version="1.0" encoding="UTF-8"?>
<!-- Generated by org.testng.reporters.JUnitXMLReporter -->
<testsuite ignored="0" hostname="HMECL008617" failures="1" tests="7" name="Cucumber with TestNG test" time="238.017" errors="0" timestamp="2023-12-22T23:19:13 IST">
  <testcase classname="io.cucumber.testng.AbstractTestNGCucumberTests" name="runScenario" time="40.282"/>
  <testcase classname="io.cucumber.testng.AbstractTestNGCucumberTests" name="runScenario" time="13.441"/>
  <testcase classname="io.cucumber.testng.AbstractTestNGCucumberTests" name="runScenario" time="23.261">
    <failure type="java.lang.AssertionError" message="search Results being displayed for invalid query">
      <![CDATA[java.lang.AssertionError: search Results being displayed for invalid query
at com.happiestminds.supertailsSearch.pages.Page2_SearchResults.verifySearchResultsForInvalidQuery(Page2_SearchResults.java:120)
at com.happiestminds.supertailsSearch.scenarios.Scn_01_02_searchFunctionalityWithoutLogin_steps.user_should_not_see_expected_results_on_the_search_results_page(Scn_01_02_searchFunctionalityWithoutLogin_steps.java:121)
at ✽.: User should not see expectedResults on the search Results page(file:///C:/Users/abhishek.yadav/eclipse-workspace/Supertails_Search-Selenium/src/test/resources/Features/01_02_search_functionality_without_login.feature:28)
... Removed 1 stack frames]]>
    </failure>
  </testcase> <!-- runScenario -->
  <testcase classname="io.cucumber.testng.AbstractTestNGCucumberTests" name="runScenario" time="21.021"/>
  <testcase classname="io.cucumber.testng.AbstractTestNGCucumberTests" name="runScenario" time="36.586"/>
  <testcase classname="io.cucumber.testng.AbstractTestNGCucumberTests" name="runScenario" time="26.256"/>
  <testcase classname="io.cucumber.testng.AbstractTestNGCucumberTests" name="runScenario" time="76.608"/>
</testsuite> <!-- Cucumber with TestNG test -->
