<?xml version="1.0" encoding="UTF-8"?>
<testng-results ignored="0" total="7" passed="5" failed="2" skipped="0">
  <reporter-output>
  </reporter-output>
  <suite started-at="2024-01-06T23:04:28 IST" name="Default suite" finished-at="2024-01-06T23:09:21 IST" duration-ms="292096">
    <groups>
      <group name="cucumber">
        <method signature="AbstractTestNGCucumberTests.runScenario(io.cucumber.testng.PickleWrapper,io.cucumber.testng.FeatureWrapper)[pri:0, instance:com.happiestminds.supertailsSearch.testRunner.TestRunner@29d80d2b]" name="runScenario" class="io.cucumber.testng.AbstractTestNGCucumberTests"/>
      </group> <!-- cucumber -->
    </groups>
    <test started-at="2024-01-06T23:04:28 IST" name="Default test" finished-at="2024-01-06T23:09:21 IST" duration-ms="292096">
      <class name="com.happiestminds.supertailsSearch.testRunner.TestRunner">
        <test-method is-config="true" signature="setUpClass(org.testng.ITestContext)[pri:0, instance:com.happiestminds.supertailsSearch.testRunner.TestRunner@29d80d2b]" started-at="2024-01-06T23:04:28 IST" name="setUpClass" finished-at="2024-01-06T23:04:29 IST" duration-ms="421" status="PASS">
          <params>
            <param index="0">
              <value>
                <![CDATA[org.testng.TestRunner@6023b54f]]>
              </value>
            </param>
          </params>
          <reporter-output>
          </reporter-output>
        </test-method> <!-- setUpClass -->
        <test-method signature="runScenario(io.cucumber.testng.PickleWrapper,io.cucumber.testng.FeatureWrapper)[pri:0, instance:com.happiestminds.supertailsSearch.testRunner.TestRunner@29d80d2b]" started-at="2024-01-06T23:04:29 IST" name="runScenario" description="Runs Cucumber Scenarios" data-provider="scenarios" finished-at="2024-01-06T23:05:07 IST" duration-ms="38019" status="PASS">
          <params>
            <param index="0">
              <value>
                <![CDATA["Search with valid query: pedigree without logging in"]]>
              </value>
            </param>
            <param index="1">
              <value>
                <![CDATA["Feature to test basic search functionality"]]>
              </value>
            </param>
          </params>
          <reporter-output>
          </reporter-output>
        </test-method> <!-- runScenario -->
        <test-method signature="runScenario(io.cucumber.testng.PickleWrapper,io.cucumber.testng.FeatureWrapper)[pri:0, instance:com.happiestminds.supertailsSearch.testRunner.TestRunner@29d80d2b]" started-at="2024-01-06T23:05:07 IST" name="runScenario" description="Runs Cucumber Scenarios" data-provider="scenarios" finished-at="2024-01-06T23:05:26 IST" duration-ms="18883" status="PASS">
          <params>
            <param index="0">
              <value>
                <![CDATA["Search with invalid query: afn;gaigeg without logging in"]]>
              </value>
            </param>
            <param index="1">
              <value>
                <![CDATA["Feature to test basic search functionality"]]>
              </value>
            </param>
          </params>
          <reporter-output>
          </reporter-output>
        </test-method> <!-- runScenario -->
        <test-method signature="runScenario(io.cucumber.testng.PickleWrapper,io.cucumber.testng.FeatureWrapper)[pri:0, instance:com.happiestminds.supertailsSearch.testRunner.TestRunner@29d80d2b]" started-at="2024-01-06T23:05:26 IST" name="runScenario" description="Runs Cucumber Scenarios" data-provider="scenarios" finished-at="2024-01-06T23:05:56 IST" duration-ms="30300" status="FAIL">
          <params>
            <param index="0">
              <value>
                <![CDATA["Search with invalid query: .&^%$$%^&() without logging in"]]>
              </value>
            </param>
            <param index="1">
              <value>
                <![CDATA["Feature to test basic search functionality"]]>
              </value>
            </param>
          </params>
          <exception class="java.lang.AssertionError">
            <message>
              <![CDATA[search Results being displayed for invalid query]]>
            </message>
            <full-stacktrace>
              <![CDATA[java.lang.AssertionError: search Results being displayed for invalid query
at org.testng.Assert.fail(Assert.java:99)
at com.happiestminds.supertailsSearch.pages.Page2_SearchResults.verifySearchResultsForInvalidQuery(Page2_SearchResults.java:184)
at com.happiestminds.supertailsSearch.scenarios.Scn_01_02_searchFunctionalityWithoutLogin_steps.user_should_not_see_expected_results_on_the_search_results_page(Scn_01_02_searchFunctionalityWithoutLogin_steps.java:118)
at ✽.: User should not see expectedResults on the search Results page(file:///C:/Users/abhishek.yadav/eclipse-workspace/Supertails_Search-Selenium/src/test/resources/Features/01_02_search_functionality_without_login.feature:28)
]]>
            </full-stacktrace>
          </exception> <!-- java.lang.AssertionError -->
          <reporter-output>
          </reporter-output>
        </test-method> <!-- runScenario -->
        <test-method signature="runScenario(io.cucumber.testng.PickleWrapper,io.cucumber.testng.FeatureWrapper)[pri:0, instance:com.happiestminds.supertailsSearch.testRunner.TestRunner@29d80d2b]" started-at="2024-01-06T23:05:56 IST" name="runScenario" description="Runs Cucumber Scenarios" data-provider="scenarios" finished-at="2024-01-06T23:06:14 IST" duration-ms="18346" status="FAIL">
          <params>
            <param index="0">
              <value>
                <![CDATA["Search with blank query without logging in"]]>
              </value>
            </param>
            <param index="1">
              <value>
                <![CDATA["Feature to test basic search functionality for blank search query"]]>
              </value>
            </param>
          </params>
          <exception class="java.lang.AssertionError">
            <message>
              <![CDATA[showing results for blank query]]>
            </message>
            <full-stacktrace>
              <![CDATA[java.lang.AssertionError: showing results for blank query
at org.testng.Assert.fail(Assert.java:99)
at com.happiestminds.supertailsSearch.pages.Page1_Search.verifyPageTitle(Page1_Search.java:216)
at com.happiestminds.supertailsSearch.scenarios.Scn_03_blankSearchQuery_steps.user_should_remain_on_the_same_page(Scn_03_blankSearchQuery_steps.java:27)
at ✽.: User should remain on the same page(file:///C:/Users/abhishek.yadav/eclipse-workspace/Supertails_Search-Selenium/src/test/resources/Features/03_blank_search_query.feature:10)
]]>
            </full-stacktrace>
          </exception> <!-- java.lang.AssertionError -->
          <reporter-output>
          </reporter-output>
        </test-method> <!-- runScenario -->
        <test-method signature="runScenario(io.cucumber.testng.PickleWrapper,io.cucumber.testng.FeatureWrapper)[pri:0, instance:com.happiestminds.supertailsSearch.testRunner.TestRunner@29d80d2b]" started-at="2024-01-06T23:06:14 IST" name="runScenario" description="Runs Cucumber Scenarios" data-provider="scenarios" finished-at="2024-01-06T23:07:15 IST" duration-ms="60226" status="PASS">
          <params>
            <param index="0">
              <value>
                <![CDATA["Search with valid query: litter without logging in and applying filters"]]>
              </value>
            </param>
            <param index="1">
              <value>
                <![CDATA["Feature to test advanced search functionality after applying filters"]]>
              </value>
            </param>
          </params>
          <reporter-output>
          </reporter-output>
        </test-method> <!-- runScenario -->
        <test-method signature="runScenario(io.cucumber.testng.PickleWrapper,io.cucumber.testng.FeatureWrapper)[pri:0, instance:com.happiestminds.supertailsSearch.testRunner.TestRunner@29d80d2b]" started-at="2024-01-06T23:07:15 IST" name="runScenario" description="Runs Cucumber Scenarios" data-provider="scenarios" finished-at="2024-01-06T23:07:53 IST" duration-ms="38555" status="PASS">
          <params>
            <param index="0">
              <value>
                <![CDATA["Search with valid query: henlo without logging in and applying filters"]]>
              </value>
            </param>
            <param index="1">
              <value>
                <![CDATA["Feature to test advanced search functionality after applying filters"]]>
              </value>
            </param>
          </params>
          <reporter-output>
          </reporter-output>
        </test-method> <!-- runScenario -->
        <test-method signature="runScenario(io.cucumber.testng.PickleWrapper,io.cucumber.testng.FeatureWrapper)[pri:0, instance:com.happiestminds.supertailsSearch.testRunner.TestRunner@29d80d2b]" started-at="2024-01-06T23:07:53 IST" name="runScenario" description="Runs Cucumber Scenarios" data-provider="scenarios" finished-at="2024-01-06T23:09:16 IST" duration-ms="83206" status="PASS">
          <params>
            <param index="0">
              <value>
                <![CDATA["Search with valid query: pedigree after logging in"]]>
              </value>
            </param>
            <param index="1">
              <value>
                <![CDATA["Feature to test basic search functionality after logging in"]]>
              </value>
            </param>
          </params>
          <reporter-output>
          </reporter-output>
        </test-method> <!-- runScenario -->
        <test-method is-config="true" signature="tearDownClass()[pri:0, instance:com.happiestminds.supertailsSearch.testRunner.TestRunner@29d80d2b]" started-at="2024-01-06T23:09:16 IST" name="tearDownClass" finished-at="2024-01-06T23:09:21 IST" duration-ms="4041" status="PASS">
          <reporter-output>
          </reporter-output>
        </test-method> <!-- tearDownClass -->
      </class> <!-- com.happiestminds.supertailsSearch.testRunner.TestRunner -->
    </test> <!-- Default test -->
  </suite> <!-- Default suite -->
</testng-results>
